<?xml version="1.0" encoding="UTF-8"?>
<!-- Generated by org.testng.reporters.JUnitReportReporter -->
<testsuite hostname="Lenovo" failures="0" tests="1" name="Testscript.Regtest" time="7.615" errors="0" timestamp="2024-04-24T15:43:10 IST" skipped="0">
  <testcase classname="Testscript.Regtest" name="regtest_001" time="7.615"/>
</testsuite> <!-- Testscript.Regtest -->
